# JRE version: OpenJDK Runtime Environment Temurin-21.0.8+9 (21.0.8+9) (build 21.0.8+9-LTS)
# Java VM: OpenJDK 64-Bit Server VM Temurin-21.0.8+9 (21.0.8+9-LTS, mixed mode, sharing, tiered, compressed oops, compressed class ptrs, parallel gc, windows-amd64)
GC Precious Log:
 CardTable entry size: 512
 CPUs: 12 total, 12 available
 Memory: 15741M
 Large Page Support: Disabled
 NUMA Support: Disabled
 Compressed Oops: Enabled (32-bit)
 Alignments: Space 512K, Generation 512K, Heap 2M
 Heap Min Capacity: 100M
 Heap Initial Capacity: 100M
 Heap Max Capacity: 2G
 Pre-touch: Disabled
 Parallel Workers: 10
Heap:
 PSYoungGen      total 24064K, used 10574K [0x00000000d5580000, 0x00000000d7200000, 0x0000000100000000)
  eden space 22528K, 41% used [0x00000000d5580000,0x00000000d5ead4c8,0x00000000d6b80000)
  from space 1536K, 76% used [0x00000000d6e80000,0x00000000d6fa66d0,0x00000000d7000000)
  to   space 2048K, 0% used [0x00000000d7000000,0x00000000d7000000,0x00000000d7200000)
 ParOldGen       total 68608K, used 16281K [0x0000000080000000, 0x0000000084300000, 0x00000000d5580000)
  object space 68608K, 23% used [0x0000000080000000,0x0000000080fe6498,0x0000000084300000)
 Metaspace       used 31556K, committed 32704K, reserved 1114112K
  class space    used 3178K, committed 3648K, reserved 1048576K
GC Heap History (20 events):
Event: 9.550 GC heap before
{Heap before GC invocations=3 (full 0):
 PSYoungGen      total 29696K, used 29678K [0x00000000d5580000, 0x00000000d7680000, 0x0000000100000000)
  eden space 25600K, 100% used [0x00000000d5580000,0x00000000d6e80000,0x00000000d6e80000)
  from space 4096K, 99% used [0x00000000d7280000,0x00000000d767b820,0x00000000d7680000)
  to   space 4096K, 0% used [0x00000000d6e80000,0x00000000d6e80000,0x00000000d7280000)
 ParOldGen       total 68608K, used 1851K [0x0000000080000000, 0x0000000084300000, 0x00000000d5580000)
  object space 68608K, 2% used [0x0000000080000000,0x00000000801ceec8,0x0000000084300000)
 Metaspace       used 9451K, committed 9792K, reserved 1114112K
  class space    used 1009K, committed 1152K, reserved 1048576K
}
Event: 9.557 GC heap after
{Heap after GC invocations=3 (full 0):
 PSYoungGen      total 29696K, used 4084K [0x00000000d5580000, 0x00000000d7680000, 0x0000000100000000)
  eden space 25600K, 0% used [0x00000000d5580000,0x00000000d5580000,0x00000000d6e80000)
  from space 4096K, 99% used [0x00000000d6e80000,0x00000000d727d050,0x00000000d7280000)
  to   space 4096K, 0% used [0x00000000d7280000,0x00000000d7280000,0x00000000d7680000)
 ParOldGen       total 68608K, used 4863K [0x0000000080000000, 0x0000000084300000, 0x00000000d5580000)
  object space 68608K, 7% used [0x0000000080000000,0x00000000804bfc60,0x0000000084300000)
 Metaspace       used 9451K, committed 9792K, reserved 1114112K
  class space    used 1009K, committed 1152K, reserved 1048576K
}
Event: 11.330 GC heap before
{Heap before GC invocations=4 (full 0):
 PSYoungGen      total 29696K, used 29684K [0x00000000d5580000, 0x00000000d7680000, 0x0000000100000000)
  eden space 25600K, 100% used [0x00000000d5580000,0x00000000d6e80000,0x00000000d6e80000)
  from space 4096K, 99% used [0x00000000d6e80000,0x00000000d727d050,0x00000000d7280000)
  to   space 4096K, 0% used [0x00000000d7280000,0x00000000d7280000,0x00000000d7680000)
 ParOldGen       total 68608K, used 4863K [0x0000000080000000, 0x0000000084300000, 0x00000000d5580000)
  object space 68608K, 7% used [0x0000000080000000,0x00000000804bfc60,0x0000000084300000)
 Metaspace       used 12177K, committed 12608K, reserved 1114112K
  class space    used 1298K, committed 1472K, reserved 1048576K
}
Event: 11.337 GC heap after
{Heap after GC invocations=4 (full 0):
 PSYoungGen      total 29696K, used 4092K [0x00000000d5580000, 0x00000000d7680000, 0x0000000100000000)
  eden space 25600K, 0% used [0x00000000d5580000,0x00000000d5580000,0x00000000d6e80000)
  from space 4096K, 99% used [0x00000000d7280000,0x00000000d767f3b8,0x00000000d7680000)
  to   space 4096K, 0% used [0x00000000d6e80000,0x00000000d6e80000,0x00000000d7280000)
 ParOldGen       total 68608K, used 6303K [0x0000000080000000, 0x0000000084300000, 0x00000000d5580000)
  object space 68608K, 9% used [0x0000000080000000,0x0000000080627fb8,0x0000000084300000)
 Metaspace       used 12177K, committed 12608K, reserved 1114112K
  class space    used 1298K, committed 1472K, reserved 1048576K
}
Event: 12.506 GC heap before
{Heap before GC invocations=5 (full 0):
 PSYoungGen      total 29696K, used 29692K [0x00000000d5580000, 0x00000000d7680000, 0x0000000100000000)
  eden space 25600K, 100% used [0x00000000d5580000,0x00000000d6e80000,0x00000000d6e80000)
  from space 4096K, 99% used [0x00000000d7280000,0x00000000d767f3b8,0x00000000d7680000)
  to   space 4096K, 0% used [0x00000000d6e80000,0x00000000d6e80000,0x00000000d7280000)
 ParOldGen       total 68608K, used 6303K [0x0000000080000000, 0x0000000084300000, 0x00000000d5580000)
  object space 68608K, 9% used [0x0000000080000000,0x0000000080627fb8,0x0000000084300000)
 Metaspace       used 15881K, committed 16512K, reserved 1114112K
  class space    used 1657K, committed 1920K, reserved 1048576K
}
Event: 12.511 GC heap after
{Heap after GC invocations=5 (full 0):
 PSYoungGen      total 29184K, used 4065K [0x00000000d5580000, 0x00000000d7b00000, 0x0000000100000000)
  eden space 25088K, 0% used [0x00000000d5580000,0x00000000d5580000,0x00000000d6e00000)
  from space 4096K, 99% used [0x00000000d6e80000,0x00000000d7278630,0x00000000d7280000)
  to   space 6656K, 0% used [0x00000000d7480000,0x00000000d7480000,0x00000000d7b00000)
 ParOldGen       total 68608K, used 8414K [0x0000000080000000, 0x0000000084300000, 0x00000000d5580000)
  object space 68608K, 12% used [0x0000000080000000,0x0000000080837b28,0x0000000084300000)
 Metaspace       used 15881K, committed 16512K, reserved 1114112K
  class space    used 1657K, committed 1920K, reserved 1048576K
}
Event: 13.677 GC heap before
{Heap before GC invocations=6 (full 0):
 PSYoungGen      total 29184K, used 29153K [0x00000000d5580000, 0x00000000d7b00000, 0x0000000100000000)
  eden space 25088K, 100% used [0x00000000d5580000,0x00000000d6e00000,0x00000000d6e00000)
  from space 4096K, 99% used [0x00000000d6e80000,0x00000000d7278630,0x00000000d7280000)
  to   space 6656K, 0% used [0x00000000d7480000,0x00000000d7480000,0x00000000d7b00000)
 ParOldGen       total 68608K, used 8414K [0x0000000080000000, 0x0000000084300000, 0x00000000d5580000)
  object space 68608K, 12% used [0x0000000080000000,0x0000000080837b28,0x0000000084300000)
 Metaspace       used 18962K, committed 19840K, reserved 1114112K
  class space    used 1998K, committed 2368K, reserved 1048576K
}
Event: 13.681 GC heap after
{Heap after GC invocations=6 (full 0):
 PSYoungGen      total 29696K, used 4623K [0x00000000d5580000, 0x00000000d7980000, 0x0000000100000000)
  eden space 24576K, 0% used [0x00000000d5580000,0x00000000d5580000,0x00000000d6d80000)
  from space 5120K, 90% used [0x00000000d7480000,0x00000000d7903f30,0x00000000d7980000)
  to   space 5632K, 0% used [0x00000000d6e80000,0x00000000d6e80000,0x00000000d7400000)
 ParOldGen       total 68608K, used 8422K [0x0000000080000000, 0x0000000084300000, 0x00000000d5580000)
  object space 68608K, 12% used [0x0000000080000000,0x0000000080839b28,0x0000000084300000)
 Metaspace       used 18962K, committed 19840K, reserved 1114112K
  class space    used 1998K, committed 2368K, reserved 1048576K
}
Event: 14.379 GC heap before
{Heap before GC invocations=7 (full 0):
 PSYoungGen      total 29696K, used 20543K [0x00000000d5580000, 0x00000000d7980000, 0x0000000100000000)
  eden space 24576K, 64% used [0x00000000d5580000,0x00000000d650bff8,0x00000000d6d80000)
  from space 5120K, 90% used [0x00000000d7480000,0x00000000d7903f30,0x00000000d7980000)
  to   space 5632K, 0% used [0x00000000d6e80000,0x00000000d6e80000,0x00000000d7400000)
 ParOldGen       total 68608K, used 8422K [0x0000000080000000, 0x0000000084300000, 0x00000000d5580000)
  object space 68608K, 12% used [0x0000000080000000,0x0000000080839b28,0x0000000084300000)
 Metaspace       used 20581K, committed 21504K, reserved 1114112K
  class space    used 2201K, committed 2624K, reserved 1048576K
}
Event: 14.385 GC heap after
{Heap after GC invocations=7 (full 0):
 PSYoungGen      total 28160K, used 3496K [0x00000000d5580000, 0x00000000d7580000, 0x0000000100000000)
  eden space 24576K, 0% used [0x00000000d5580000,0x00000000d5580000,0x00000000d6d80000)
  from space 3584K, 97% used [0x00000000d6e80000,0x00000000d71ea2c0,0x00000000d7200000)
  to   space 3584K, 0% used [0x00000000d7200000,0x00000000d7200000,0x00000000d7580000)
 ParOldGen       total 68608K, used 10202K [0x0000000080000000, 0x0000000084300000, 0x00000000d5580000)
  object space 68608K, 14% used [0x0000000080000000,0x00000000809f68b8,0x0000000084300000)
 Metaspace       used 20581K, committed 21504K, reserved 1114112K
  class space    used 2201K, committed 2624K, reserved 1048576K
}
Event: 14.385 GC heap before
{Heap before GC invocations=8 (full 1):
 PSYoungGen      total 28160K, used 3496K [0x00000000d5580000, 0x00000000d7580000, 0x0000000100000000)
  eden space 24576K, 0% used [0x00000000d5580000,0x00000000d5580000,0x00000000d6d80000)
  from space 3584K, 97% used [0x00000000d6e80000,0x00000000d71ea2c0,0x00000000d7200000)
  to   space 3584K, 0% used [0x00000000d7200000,0x00000000d7200000,0x00000000d7580000)
 ParOldGen       total 68608K, used 10202K [0x0000000080000000, 0x0000000084300000, 0x00000000d5580000)
  object space 68608K, 14% used [0x0000000080000000,0x00000000809f68b8,0x0000000084300000)
 Metaspace       used 20581K, committed 21504K, reserved 1114112K
  class space    used 2201K, committed 2624K, reserved 1048576K
}
Event: 14.426 GC heap after
{Heap after GC invocations=8 (full 1):
 PSYoungGen      total 28160K, used 0K [0x00000000d5580000, 0x00000000d7580000, 0x0000000100000000)
  eden space 24576K, 0% used [0x00000000d5580000,0x00000000d5580000,0x00000000d6d80000)
  from space 3584K, 0% used [0x00000000d6e80000,0x00000000d6e80000,0x00000000d7200000)
  to   space 3584K, 0% used [0x00000000d7200000,0x00000000d7200000,0x00000000d7580000)
 ParOldGen       total 68608K, used 12902K [0x0000000080000000, 0x0000000084300000, 0x00000000d5580000)
  object space 68608K, 18% used [0x0000000080000000,0x0000000080c99ae8,0x0000000084300000)
 Metaspace       used 20569K, committed 21504K, reserved 1114112K
  class space    used 2198K, committed 2624K, reserved 1048576K
}
Event: 15.054 GC heap before
{Heap before GC invocations=9 (full 1):
 PSYoungGen      total 28160K, used 24576K [0x00000000d5580000, 0x00000000d7580000, 0x0000000100000000)
  eden space 24576K, 100% used [0x00000000d5580000,0x00000000d6d80000,0x00000000d6d80000)
  from space 3584K, 0% used [0x00000000d6e80000,0x00000000d6e80000,0x00000000d7200000)
  to   space 3584K, 0% used [0x00000000d7200000,0x00000000d7200000,0x00000000d7580000)
 ParOldGen       total 68608K, used 12902K [0x0000000080000000, 0x0000000084300000, 0x00000000d5580000)
  object space 68608K, 18% used [0x0000000080000000,0x0000000080c99ae8,0x0000000084300000)
 Metaspace       used 22509K, committed 23488K, reserved 1114112K
  class space    used 2370K, committed 2752K, reserved 1048576K
}
Event: 15.057 GC heap after
{Heap after GC invocations=9 (full 1):
 PSYoungGen      total 26624K, used 2381K [0x00000000d5580000, 0x00000000d7480000, 0x0000000100000000)
  eden space 24064K, 0% used [0x00000000d5580000,0x00000000d5580000,0x00000000d6d00000)
  from space 2560K, 93% used [0x00000000d7200000,0x00000000d74534e0,0x00000000d7480000)
  to   space 3072K, 0% used [0x00000000d6e80000,0x00000000d6e80000,0x00000000d7180000)
 ParOldGen       total 68608K, used 12910K [0x0000000080000000, 0x0000000084300000, 0x00000000d5580000)
  object space 68608K, 18% used [0x0000000080000000,0x0000000080c9bae8,0x0000000084300000)
 Metaspace       used 22509K, committed 23488K, reserved 1114112K
  class space    used 2370K, committed 2752K, reserved 1048576K
}
Event: 15.537 GC heap before
{Heap before GC invocations=10 (full 1):
 PSYoungGen      total 26624K, used 26445K [0x00000000d5580000, 0x00000000d7480000, 0x0000000100000000)
  eden space 24064K, 100% used [0x00000000d5580000,0x00000000d6d00000,0x00000000d6d00000)
  from space 2560K, 93% used [0x00000000d7200000,0x00000000d74534e0,0x00000000d7480000)
  to   space 3072K, 0% used [0x00000000d6e80000,0x00000000d6e80000,0x00000000d7180000)
 ParOldGen       total 68608K, used 12910K [0x0000000080000000, 0x0000000084300000, 0x00000000d5580000)
  object space 68608K, 18% used [0x0000000080000000,0x0000000080c9bae8,0x0000000084300000)
 Metaspace       used 25903K, committed 26880K, reserved 1114112K
  class space    used 2613K, committed 3008K, reserved 1048576K
}
Event: 15.544 GC heap after
{Heap after GC invocations=10 (full 1):
 PSYoungGen      total 26624K, used 3041K [0x00000000d5580000, 0x00000000d7380000, 0x0000000100000000)
  eden space 23552K, 0% used [0x00000000d5580000,0x00000000d5580000,0x00000000d6c80000)
  from space 3072K, 99% used [0x00000000d6e80000,0x00000000d7178628,0x00000000d7180000)
  to   space 2048K, 0% used [0x00000000d7180000,0x00000000d7180000,0x00000000d7380000)
 ParOldGen       total 68608K, used 12934K [0x0000000080000000, 0x0000000084300000, 0x00000000d5580000)
  object space 68608K, 18% used [0x0000000080000000,0x0000000080ca1ae8,0x0000000084300000)
 Metaspace       used 25903K, committed 26880K, reserved 1114112K
  class space    used 2613K, committed 3008K, reserved 1048576K
}
Event: 15.926 GC heap before
{Heap before GC invocations=11 (full 1):
 PSYoungGen      total 26624K, used 26593K [0x00000000d5580000, 0x00000000d7380000, 0x0000000100000000)
  eden space 23552K, 100% used [0x00000000d5580000,0x00000000d6c80000,0x00000000d6c80000)
  from space 3072K, 99% used [0x00000000d6e80000,0x00000000d7178628,0x00000000d7180000)
  to   space 2048K, 0% used [0x00000000d7180000,0x00000000d7180000,0x00000000d7380000)
 ParOldGen       total 68608K, used 12934K [0x0000000080000000, 0x0000000084300000, 0x00000000d5580000)
  object space 68608K, 18% used [0x0000000080000000,0x0000000080ca1ae8,0x0000000084300000)
 Metaspace       used 27586K, committed 28544K, reserved 1114112K
  class space    used 2717K, committed 3136K, reserved 1048576K
}
Event: 15.931 GC heap after
{Heap after GC invocations=11 (full 1):
 PSYoungGen      total 25088K, used 1982K [0x00000000d5580000, 0x00000000d7380000, 0x0000000100000000)
  eden space 23040K, 0% used [0x00000000d5580000,0x00000000d5580000,0x00000000d6c00000)
  from space 2048K, 96% used [0x00000000d7180000,0x00000000d736f988,0x00000000d7380000)
  to   space 2560K, 0% used [0x00000000d6e80000,0x00000000d6e80000,0x00000000d7100000)
 ParOldGen       total 68608K, used 14607K [0x0000000080000000, 0x0000000084300000, 0x00000000d5580000)
  object space 68608K, 21% used [0x0000000080000000,0x0000000080e43eb0,0x0000000084300000)
 Metaspace       used 27586K, committed 28544K, reserved 1114112K
  class space    used 2717K, committed 3136K, reserved 1048576K
}
Event: 16.475 GC heap before
{Heap before GC invocations=12 (full 1):
 PSYoungGen      total 25088K, used 25001K [0x00000000d5580000, 0x00000000d7380000, 0x0000000100000000)
  eden space 23040K, 99% used [0x00000000d5580000,0x00000000d6bfac48,0x00000000d6c00000)
  from space 2048K, 96% used [0x00000000d7180000,0x00000000d736f988,0x00000000d7380000)
  to   space 2560K, 0% used [0x00000000d6e80000,0x00000000d6e80000,0x00000000d7100000)
 ParOldGen       total 68608K, used 14607K [0x0000000080000000, 0x0000000084300000, 0x00000000d5580000)
  object space 68608K, 21% used [0x0000000080000000,0x0000000080e43eb0,0x0000000084300000)
 Metaspace       used 30267K, committed 31424K, reserved 1114112K
  class space    used 3040K, committed 3520K, reserved 1048576K
}
Event: 16.483 GC heap after
{Heap after GC invocations=12 (full 1):
 PSYoungGen      total 24064K, used 1177K [0x00000000d5580000, 0x00000000d7200000, 0x0000000100000000)
  eden space 22528K, 0% used [0x00000000d5580000,0x00000000d5580000,0x00000000d6b80000)
  from space 1536K, 76% used [0x00000000d6e80000,0x00000000d6fa66d0,0x00000000d7000000)
  to   space 2048K, 0% used [0x00000000d7000000,0x00000000d7000000,0x00000000d7200000)
 ParOldGen       total 68608K, used 16281K [0x0000000080000000, 0x0000000084300000, 0x00000000d5580000)
  object space 68608K, 23% used [0x0000000080000000,0x0000000080fe6498,0x0000000084300000)
 Metaspace       used 30267K, committed 31424K, reserved 1114112K
  class space    used 3040K, committed 3520K, reserved 1048576K
}

