# JRE version: OpenJDK Runtime Environment Temurin-21.0.8+9 (21.0.8+9) (build 21.0.8+9-LTS)
# Java VM: OpenJDK 64-Bit Server VM Temurin-21.0.8+9 (21.0.8+9-LTS, mixed mode, sharing, tiered, compressed oops, compressed class ptrs, parallel gc, windows-amd64)
GC Precious Log:
 CardTable entry size: 512
 CPUs: 12 total, 12 available
 Memory: 15741M
 Large Page Support: Disabled
 NUMA Support: Disabled
 Compressed Oops: Enabled (32-bit)
 Alignments: Space 512K, Generation 512K, Heap 2M
 Heap Min Capacity: 100M
 Heap Initial Capacity: 100M
 Heap Max Capacity: 2G
 Pre-touch: Disabled
 Parallel Workers: 10
Heap:
 PSYoungGen      total 22528K, used 10229K [0x00000000d5580000, 0x00000000d7500000, 0x0000000100000000)
  eden space 22016K, 44% used [0x00000000d5580000,0x00000000d5efd4a0,0x00000000d6b00000)
  from space 512K, 100% used [0x00000000d7480000,0x00000000d7500000,0x00000000d7500000)
  to   space 1024K, 0% used [0x00000000d7300000,0x00000000d7300000,0x00000000d7400000)
 ParOldGen       total 68608K, used 46304K [0x0000000080000000, 0x0000000084300000, 0x00000000d5580000)
  object space 68608K, 67% used [0x0000000080000000,0x0000000082d38108,0x0000000084300000)
 Metaspace       used 29061K, committed 29888K, reserved 1114112K
  class space    used 2905K, committed 3264K, reserved 1048576K
GC Heap History (20 events):
Event: 15.376 GC heap before
{Heap before GC invocations=12 (full 1):
 PSYoungGen      total 27648K, used 27528K [0x00000000d5580000, 0x00000000d7a80000, 0x0000000100000000)
  eden space 23040K, 99% used [0x00000000d5580000,0x00000000d6bffff8,0x00000000d6c00000)
  from space 4608K, 97% used [0x00000000d7600000,0x00000000d7a62128,0x00000000d7a80000)
  to   space 5120K, 0% used [0x00000000d7080000,0x00000000d7080000,0x00000000d7580000)
 ParOldGen       total 68608K, used 41601K [0x0000000080000000, 0x0000000084300000, 0x00000000d5580000)
  object space 68608K, 60% used [0x0000000080000000,0x00000000828a05d0,0x0000000084300000)
 Metaspace       used 26386K, committed 27200K, reserved 1114112K
  class space    used 2595K, committed 2944K, reserved 1048576K
}
Event: 15.381 GC heap after
{Heap after GC invocations=12 (full 1):
 PSYoungGen      total 23040K, used 288K [0x00000000d5580000, 0x00000000d7680000, 0x0000000100000000)
  eden space 22528K, 0% used [0x00000000d5580000,0x00000000d5580000,0x00000000d6b80000)
  from space 512K, 56% used [0x00000000d7080000,0x00000000d70c8000,0x00000000d7100000)
  to   space 2048K, 0% used [0x00000000d7480000,0x00000000d7480000,0x00000000d7680000)
 ParOldGen       total 68608K, used 45905K [0x0000000080000000, 0x0000000084300000, 0x00000000d5580000)
  object space 68608K, 66% used [0x0000000080000000,0x0000000082cd4668,0x0000000084300000)
 Metaspace       used 26386K, committed 27200K, reserved 1114112K
  class space    used 2595K, committed 2944K, reserved 1048576K
}
Event: 15.453 GC heap before
{Heap before GC invocations=13 (full 1):
 PSYoungGen      total 23040K, used 22816K [0x00000000d5580000, 0x00000000d7680000, 0x0000000100000000)
  eden space 22528K, 100% used [0x00000000d5580000,0x00000000d6b80000,0x00000000d6b80000)
  from space 512K, 56% used [0x00000000d7080000,0x00000000d70c8000,0x00000000d7100000)
  to   space 2048K, 0% used [0x00000000d7480000,0x00000000d7480000,0x00000000d7680000)
 ParOldGen       total 68608K, used 45905K [0x0000000080000000, 0x0000000084300000, 0x00000000d5580000)
  object space 68608K, 66% used [0x0000000080000000,0x0000000082cd4668,0x0000000084300000)
 Metaspace       used 26511K, committed 27328K, reserved 1114112K
  class space    used 2615K, committed 3008K, reserved 1048576K
}
Event: 15.457 GC heap after
{Heap after GC invocations=13 (full 1):
 PSYoungGen      total 22528K, used 288K [0x00000000d5580000, 0x00000000d7500000, 0x0000000100000000)
  eden space 22016K, 0% used [0x00000000d5580000,0x00000000d5580000,0x00000000d6b00000)
  from space 512K, 56% used [0x00000000d7480000,0x00000000d74c8000,0x00000000d7500000)
  to   space 1024K, 0% used [0x00000000d7300000,0x00000000d7300000,0x00000000d7400000)
 ParOldGen       total 68608K, used 45993K [0x0000000080000000, 0x0000000084300000, 0x00000000d5580000)
  object space 68608K, 67% used [0x0000000080000000,0x0000000082cea668,0x0000000084300000)
 Metaspace       used 26511K, committed 27328K, reserved 1114112K
  class space    used 2615K, committed 3008K, reserved 1048576K
}
Event: 15.525 GC heap before
{Heap before GC invocations=14 (full 1):
 PSYoungGen      total 22528K, used 22304K [0x00000000d5580000, 0x00000000d7500000, 0x0000000100000000)
  eden space 22016K, 100% used [0x00000000d5580000,0x00000000d6b00000,0x00000000d6b00000)
  from space 512K, 56% used [0x00000000d7480000,0x00000000d74c8000,0x00000000d7500000)
  to   space 1024K, 0% used [0x00000000d7300000,0x00000000d7300000,0x00000000d7400000)
 ParOldGen       total 68608K, used 45993K [0x0000000080000000, 0x0000000084300000, 0x00000000d5580000)
  object space 68608K, 67% used [0x0000000080000000,0x0000000082cea668,0x0000000084300000)
 Metaspace       used 26511K, committed 27328K, reserved 1114112K
  class space    used 2615K, committed 3008K, reserved 1048576K
}
Event: 15.529 GC heap after
{Heap after GC invocations=14 (full 1):
 PSYoungGen      total 23040K, used 32K [0x00000000d5580000, 0x00000000d7500000, 0x0000000100000000)
  eden space 22016K, 0% used [0x00000000d5580000,0x00000000d5580000,0x00000000d6b00000)
  from space 1024K, 3% used [0x00000000d7300000,0x00000000d7308000,0x00000000d7400000)
  to   space 512K, 0% used [0x00000000d7480000,0x00000000d7480000,0x00000000d7500000)
 ParOldGen       total 68608K, used 46105K [0x0000000080000000, 0x0000000084300000, 0x00000000d5580000)
  object space 68608K, 67% used [0x0000000080000000,0x0000000082d06668,0x0000000084300000)
 Metaspace       used 26511K, committed 27328K, reserved 1114112K
  class space    used 2615K, committed 3008K, reserved 1048576K
}
Event: 15.569 GC heap before
{Heap before GC invocations=15 (full 1):
 PSYoungGen      total 23040K, used 22048K [0x00000000d5580000, 0x00000000d7500000, 0x0000000100000000)
  eden space 22016K, 100% used [0x00000000d5580000,0x00000000d6b00000,0x00000000d6b00000)
  from space 1024K, 3% used [0x00000000d7300000,0x00000000d7308000,0x00000000d7400000)
  to   space 512K, 0% used [0x00000000d7480000,0x00000000d7480000,0x00000000d7500000)
 ParOldGen       total 68608K, used 46105K [0x0000000080000000, 0x0000000084300000, 0x00000000d5580000)
  object space 68608K, 67% used [0x0000000080000000,0x0000000082d06668,0x0000000084300000)
 Metaspace       used 26611K, committed 27392K, reserved 1114112K
  class space    used 2630K, committed 3008K, reserved 1048576K
}
Event: 15.572 GC heap after
{Heap after GC invocations=15 (full 1):
 PSYoungGen      total 22528K, used 224K [0x00000000d5580000, 0x00000000d7500000, 0x0000000100000000)
  eden space 22016K, 0% used [0x00000000d5580000,0x00000000d5580000,0x00000000d6b00000)
  from space 512K, 43% used [0x00000000d7480000,0x00000000d74b8000,0x00000000d7500000)
  to   space 512K, 0% used [0x00000000d7400000,0x00000000d7400000,0x00000000d7480000)
 ParOldGen       total 68608K, used 46113K [0x0000000080000000, 0x0000000084300000, 0x00000000d5580000)
  object space 68608K, 67% used [0x0000000080000000,0x0000000082d08668,0x0000000084300000)
 Metaspace       used 26611K, committed 27392K, reserved 1114112K
  class space    used 2630K, committed 3008K, reserved 1048576K
}
Event: 15.593 GC heap before
{Heap before GC invocations=16 (full 1):
 PSYoungGen      total 22528K, used 22240K [0x00000000d5580000, 0x00000000d7500000, 0x0000000100000000)
  eden space 22016K, 100% used [0x00000000d5580000,0x00000000d6b00000,0x00000000d6b00000)
  from space 512K, 43% used [0x00000000d7480000,0x00000000d74b8000,0x00000000d7500000)
  to   space 512K, 0% used [0x00000000d7400000,0x00000000d7400000,0x00000000d7480000)
 ParOldGen       total 68608K, used 46113K [0x0000000080000000, 0x0000000084300000, 0x00000000d5580000)
  object space 68608K, 67% used [0x0000000080000000,0x0000000082d08668,0x0000000084300000)
 Metaspace       used 26669K, committed 27456K, reserved 1114112K
  class space    used 2639K, committed 3008K, reserved 1048576K
}
Event: 15.595 GC heap after
{Heap after GC invocations=16 (full 1):
 PSYoungGen      total 22528K, used 256K [0x00000000d5580000, 0x00000000d7500000, 0x0000000100000000)
  eden space 22016K, 0% used [0x00000000d5580000,0x00000000d5580000,0x00000000d6b00000)
  from space 512K, 50% used [0x00000000d7400000,0x00000000d7440000,0x00000000d7480000)
  to   space 512K, 0% used [0x00000000d7480000,0x00000000d7480000,0x00000000d7500000)
 ParOldGen       total 68608K, used 46153K [0x0000000080000000, 0x0000000084300000, 0x00000000d5580000)
  object space 68608K, 67% used [0x0000000080000000,0x0000000082d12668,0x0000000084300000)
 Metaspace       used 26669K, committed 27456K, reserved 1114112K
  class space    used 2639K, committed 3008K, reserved 1048576K
}
Event: 15.630 GC heap before
{Heap before GC invocations=17 (full 1):
 PSYoungGen      total 22528K, used 22272K [0x00000000d5580000, 0x00000000d7500000, 0x0000000100000000)
  eden space 22016K, 100% used [0x00000000d5580000,0x00000000d6b00000,0x00000000d6b00000)
  from space 512K, 50% used [0x00000000d7400000,0x00000000d7440000,0x00000000d7480000)
  to   space 512K, 0% used [0x00000000d7480000,0x00000000d7480000,0x00000000d7500000)
 ParOldGen       total 68608K, used 46153K [0x0000000080000000, 0x0000000084300000, 0x00000000d5580000)
  object space 68608K, 67% used [0x0000000080000000,0x0000000082d12668,0x0000000084300000)
 Metaspace       used 26688K, committed 27456K, reserved 1114112K
  class space    used 2643K, committed 3008K, reserved 1048576K
}
Event: 15.636 GC heap after
{Heap after GC invocations=17 (full 1):
 PSYoungGen      total 22528K, used 256K [0x00000000d5580000, 0x00000000d7500000, 0x0000000100000000)
  eden space 22016K, 0% used [0x00000000d5580000,0x00000000d5580000,0x00000000d6b00000)
  from space 512K, 50% used [0x00000000d7480000,0x00000000d74c0000,0x00000000d7500000)
  to   space 512K, 0% used [0x00000000d7400000,0x00000000d7400000,0x00000000d7480000)
 ParOldGen       total 68608K, used 46201K [0x0000000080000000, 0x0000000084300000, 0x00000000d5580000)
  object space 68608K, 67% used [0x0000000080000000,0x0000000082d1e668,0x0000000084300000)
 Metaspace       used 26688K, committed 27456K, reserved 1114112K
  class space    used 2643K, committed 3008K, reserved 1048576K
}
Event: 15.661 GC heap before
{Heap before GC invocations=18 (full 1):
 PSYoungGen      total 22528K, used 22272K [0x00000000d5580000, 0x00000000d7500000, 0x0000000100000000)
  eden space 22016K, 100% used [0x00000000d5580000,0x00000000d6b00000,0x00000000d6b00000)
  from space 512K, 50% used [0x00000000d7480000,0x00000000d74c0000,0x00000000d7500000)
  to   space 512K, 0% used [0x00000000d7400000,0x00000000d7400000,0x00000000d7480000)
 ParOldGen       total 68608K, used 46201K [0x0000000080000000, 0x0000000084300000, 0x00000000d5580000)
  object space 68608K, 67% used [0x0000000080000000,0x0000000082d1e668,0x0000000084300000)
 Metaspace       used 26688K, committed 27456K, reserved 1114112K
  class space    used 2643K, committed 3008K, reserved 1048576K
}
Event: 15.664 GC heap after
{Heap after GC invocations=18 (full 1):
 PSYoungGen      total 22528K, used 64K [0x00000000d5580000, 0x00000000d7500000, 0x0000000100000000)
  eden space 22016K, 0% used [0x00000000d5580000,0x00000000d5580000,0x00000000d6b00000)
  from space 512K, 12% used [0x00000000d7400000,0x00000000d7410000,0x00000000d7480000)
  to   space 512K, 0% used [0x00000000d7480000,0x00000000d7480000,0x00000000d7500000)
 ParOldGen       total 68608K, used 46264K [0x0000000080000000, 0x0000000084300000, 0x00000000d5580000)
  object space 68608K, 67% used [0x0000000080000000,0x0000000082d2e108,0x0000000084300000)
 Metaspace       used 26688K, committed 27456K, reserved 1114112K
  class space    used 2643K, committed 3008K, reserved 1048576K
}
Event: 15.702 GC heap before
{Heap before GC invocations=19 (full 1):
 PSYoungGen      total 22528K, used 22080K [0x00000000d5580000, 0x00000000d7500000, 0x0000000100000000)
  eden space 22016K, 100% used [0x00000000d5580000,0x00000000d6b00000,0x00000000d6b00000)
  from space 512K, 12% used [0x00000000d7400000,0x00000000d7410000,0x00000000d7480000)
  to   space 512K, 0% used [0x00000000d7480000,0x00000000d7480000,0x00000000d7500000)
 ParOldGen       total 68608K, used 46264K [0x0000000080000000, 0x0000000084300000, 0x00000000d5580000)
  object space 68608K, 67% used [0x0000000080000000,0x0000000082d2e108,0x0000000084300000)
 Metaspace       used 26688K, committed 27456K, reserved 1114112K
  class space    used 2643K, committed 3008K, reserved 1048576K
}
Event: 15.711 GC heap after
{Heap after GC invocations=19 (full 1):
 PSYoungGen      total 22528K, used 64K [0x00000000d5580000, 0x00000000d7500000, 0x0000000100000000)
  eden space 22016K, 0% used [0x00000000d5580000,0x00000000d5580000,0x00000000d6b00000)
  from space 512K, 12% used [0x00000000d7480000,0x00000000d7490000,0x00000000d7500000)
  to   space 512K, 0% used [0x00000000d7400000,0x00000000d7400000,0x00000000d7480000)
 ParOldGen       total 68608K, used 46264K [0x0000000080000000, 0x0000000084300000, 0x00000000d5580000)
  object space 68608K, 67% used [0x0000000080000000,0x0000000082d2e108,0x0000000084300000)
 Metaspace       used 26688K, committed 27456K, reserved 1114112K
  class space    used 2643K, committed 3008K, reserved 1048576K
}
Event: 15.730 GC heap before
{Heap before GC invocations=20 (full 1):
 PSYoungGen      total 22528K, used 22080K [0x00000000d5580000, 0x00000000d7500000, 0x0000000100000000)
  eden space 22016K, 100% used [0x00000000d5580000,0x00000000d6b00000,0x00000000d6b00000)
  from space 512K, 12% used [0x00000000d7480000,0x00000000d7490000,0x00000000d7500000)
  to   space 512K, 0% used [0x00000000d7400000,0x00000000d7400000,0x00000000d7480000)
 ParOldGen       total 68608K, used 46264K [0x0000000080000000, 0x0000000084300000, 0x00000000d5580000)
  object space 68608K, 67% used [0x0000000080000000,0x0000000082d2e108,0x0000000084300000)
 Metaspace       used 26688K, committed 27456K, reserved 1114112K
  class space    used 2643K, committed 3008K, reserved 1048576K
}
Event: 15.739 GC heap after
{Heap after GC invocations=20 (full 1):
 PSYoungGen      total 22528K, used 96K [0x00000000d5580000, 0x00000000d7500000, 0x0000000100000000)
  eden space 22016K, 0% used [0x00000000d5580000,0x00000000d5580000,0x00000000d6b00000)
  from space 512K, 18% used [0x00000000d7400000,0x00000000d7418000,0x00000000d7480000)
  to   space 512K, 0% used [0x00000000d7480000,0x00000000d7480000,0x00000000d7500000)
 ParOldGen       total 68608K, used 46264K [0x0000000080000000, 0x0000000084300000, 0x00000000d5580000)
  object space 68608K, 67% used [0x0000000080000000,0x0000000082d2e108,0x0000000084300000)
 Metaspace       used 26688K, committed 27456K, reserved 1114112K
  class space    used 2643K, committed 3008K, reserved 1048576K
}
Event: 16.258 GC heap before
{Heap before GC invocations=21 (full 1):
 PSYoungGen      total 22528K, used 22112K [0x00000000d5580000, 0x00000000d7500000, 0x0000000100000000)
  eden space 22016K, 100% used [0x00000000d5580000,0x00000000d6b00000,0x00000000d6b00000)
  from space 512K, 18% used [0x00000000d7400000,0x00000000d7418000,0x00000000d7480000)
  to   space 512K, 0% used [0x00000000d7480000,0x00000000d7480000,0x00000000d7500000)
 ParOldGen       total 68608K, used 46264K [0x0000000080000000, 0x0000000084300000, 0x00000000d5580000)
  object space 68608K, 67% used [0x0000000080000000,0x0000000082d2e108,0x0000000084300000)
 Metaspace       used 27631K, committed 28480K, reserved 1114112K
  class space    used 2746K, committed 3136K, reserved 1048576K
}
Event: 16.262 GC heap after
{Heap after GC invocations=21 (full 1):
 PSYoungGen      total 22528K, used 512K [0x00000000d5580000, 0x00000000d7500000, 0x0000000100000000)
  eden space 22016K, 0% used [0x00000000d5580000,0x00000000d5580000,0x00000000d6b00000)
  from space 512K, 100% used [0x00000000d7480000,0x00000000d7500000,0x00000000d7500000)
  to   space 1024K, 0% used [0x00000000d7300000,0x00000000d7300000,0x00000000d7400000)
 ParOldGen       total 68608K, used 46304K [0x0000000080000000, 0x0000000084300000, 0x00000000d5580000)
  object space 68608K, 67% used [0x0000000080000000,0x0000000082d38108,0x0000000084300000)
 Metaspace       used 27631K, committed 28480K, reserved 1114112K
  class space    used 2746K, committed 3136K, reserved 1048576K
}

